TimeQuest Timing Analyzer report for 141L
Mon Feb 04 12:57:12 2013
Quartus II 32-bit Version 12.1 Build 177 11/07/2012 SJ Web Edition


---------------------
; Table of Contents ;
---------------------
  1. Legal Notice
  2. TimeQuest Timing Analyzer Summary
  3. Clocks
  4. Slow Model Fmax Summary
  5. Slow Model Setup Summary
  6. Slow Model Hold Summary
  7. Slow Model Recovery Summary
  8. Slow Model Removal Summary
  9. Slow Model Minimum Pulse Width Summary
 10. Slow Model Minimum Pulse Width: 'op[2]'
 11. Setup Times
 12. Hold Times
 13. Clock to Output Times
 14. Minimum Clock to Output Times
 15. Fast Model Setup Summary
 16. Fast Model Hold Summary
 17. Fast Model Recovery Summary
 18. Fast Model Removal Summary
 19. Fast Model Minimum Pulse Width Summary
 20. Fast Model Minimum Pulse Width: 'op[2]'
 21. Setup Times
 22. Hold Times
 23. Clock to Output Times
 24. Minimum Clock to Output Times
 25. Multicorner Timing Analysis Summary
 26. Setup Times
 27. Hold Times
 28. Clock to Output Times
 29. Minimum Clock to Output Times
 30. Clock Transfers
 31. Report TCCS
 32. Report RSKM
 33. Unconstrained Paths
 34. TimeQuest Timing Analyzer Messages



----------------
; Legal Notice ;
----------------
Copyright (C) 1991-2012 Altera Corporation
Your use of Altera Corporation's design tools, logic functions 
and other software and tools, and its AMPP partner logic 
functions, and any output files from any of the foregoing 
(including device programming or simulation files), and any 
associated documentation or information are expressly subject 
to the terms and conditions of the Altera Program License 
Subscription Agreement, Altera MegaCore Function License 
Agreement, or other applicable license agreement, including, 
without limitation, that your use is for the sole purpose of 
programming logic devices manufactured by Altera and sold by 
Altera or its authorized distributors.  Please refer to the 
applicable agreement for further details.



+-----------------------------------------------------------------------+
; TimeQuest Timing Analyzer Summary                                     ;
+--------------------+--------------------------------------------------+
; Quartus II Version ; Version 12.1 Build 177 11/07/2012 SJ Web Edition ;
; Revision Name      ; 141L                                             ;
; Device Family      ; Cyclone II                                       ;
; Device Name        ; EP2C35F672C6                                     ;
; Timing Models      ; Final                                            ;
; Delay Model        ; Combined                                         ;
; Rise/Fall Delays   ; Unavailable                                      ;
+--------------------+--------------------------------------------------+


+-----------------------------------------------------------------------------------------------------------------------------------------------------------------------------------+
; Clocks                                                                                                                                                                            ;
+------------+------+--------+------------+-------+-------+------------+-----------+-------------+-------+--------+-----------+------------+----------+--------+--------+-----------+
; Clock Name ; Type ; Period ; Frequency  ; Rise  ; Fall  ; Duty Cycle ; Divide by ; Multiply by ; Phase ; Offset ; Edge List ; Edge Shift ; Inverted ; Master ; Source ; Targets   ;
+------------+------+--------+------------+-------+-------+------------+-----------+-------------+-------+--------+-----------+------------+----------+--------+--------+-----------+
; op[2]      ; Base ; 1.000  ; 1000.0 MHz ; 0.000 ; 0.500 ;            ;           ;             ;       ;        ;           ;            ;          ;        ;        ; { op[2] } ;
+------------+------+--------+------------+-------+-------+------------+-----------+-------------+-------+--------+-----------+------------+----------+--------+--------+-----------+


---------------------------
; Slow Model Fmax Summary ;
---------------------------
No paths to report.


----------------------------
; Slow Model Setup Summary ;
----------------------------
No paths to report.


---------------------------
; Slow Model Hold Summary ;
---------------------------
No paths to report.


-------------------------------
; Slow Model Recovery Summary ;
-------------------------------
No paths to report.


------------------------------
; Slow Model Removal Summary ;
------------------------------
No paths to report.


+----------------------------------------+
; Slow Model Minimum Pulse Width Summary ;
+-------+--------+-----------------------+
; Clock ; Slack  ; End Point TNS         ;
+-------+--------+-----------------------+
; op[2] ; -1.222 ; -1.222                ;
+-------+--------+-----------------------+


+----------------------------------------------------------------------------------------------------------+
; Slow Model Minimum Pulse Width: 'op[2]'                                                                  ;
+--------+--------------+----------------+------------------+-------+------------+-------------------------+
; Slack  ; Actual Width ; Required Width ; Type             ; Clock ; Clock Edge ; Target                  ;
+--------+--------------+----------------+------------------+-------+------------+-------------------------+
; -1.222 ; 1.000        ; 2.222          ; Port Rate        ; op[2] ; Rise       ; op[2]                   ;
; 0.500  ; 0.500        ; 0.000          ; High Pulse Width ; op[2] ; Rise       ; Mux16~0clkctrl|inclk[0] ;
; 0.500  ; 0.500        ; 0.000          ; Low Pulse Width  ; op[2] ; Rise       ; Mux16~0clkctrl|inclk[0] ;
; 0.500  ; 0.500        ; 0.000          ; High Pulse Width ; op[2] ; Rise       ; Mux16~0clkctrl|outclk   ;
; 0.500  ; 0.500        ; 0.000          ; Low Pulse Width  ; op[2] ; Rise       ; Mux16~0clkctrl|outclk   ;
; 0.500  ; 0.500        ; 0.000          ; High Pulse Width ; op[2] ; Rise       ; Mux16~0|combout         ;
; 0.500  ; 0.500        ; 0.000          ; Low Pulse Width  ; op[2] ; Rise       ; Mux16~0|combout         ;
; 0.500  ; 0.500        ; 0.000          ; High Pulse Width ; op[2] ; Rise       ; Mux16~0|datad           ;
; 0.500  ; 0.500        ; 0.000          ; Low Pulse Width  ; op[2] ; Rise       ; Mux16~0|datad           ;
; 0.500  ; 0.500        ; 0.000          ; High Pulse Width ; op[2] ; Rise       ; op[2]|combout           ;
; 0.500  ; 0.500        ; 0.000          ; Low Pulse Width  ; op[2] ; Rise       ; op[2]|combout           ;
; 0.500  ; 0.500        ; 0.000          ; High Pulse Width ; op[2] ; Rise       ; temp_out[0]             ;
; 0.500  ; 0.500        ; 0.000          ; Low Pulse Width  ; op[2] ; Rise       ; temp_out[0]             ;
; 0.500  ; 0.500        ; 0.000          ; High Pulse Width ; op[2] ; Rise       ; temp_out[0]|datad       ;
; 0.500  ; 0.500        ; 0.000          ; Low Pulse Width  ; op[2] ; Rise       ; temp_out[0]|datad       ;
; 0.500  ; 0.500        ; 0.000          ; High Pulse Width ; op[2] ; Rise       ; temp_out[10]            ;
; 0.500  ; 0.500        ; 0.000          ; Low Pulse Width  ; op[2] ; Rise       ; temp_out[10]            ;
; 0.500  ; 0.500        ; 0.000          ; High Pulse Width ; op[2] ; Rise       ; temp_out[10]|datad      ;
; 0.500  ; 0.500        ; 0.000          ; Low Pulse Width  ; op[2] ; Rise       ; temp_out[10]|datad      ;
; 0.500  ; 0.500        ; 0.000          ; High Pulse Width ; op[2] ; Rise       ; temp_out[11]            ;
; 0.500  ; 0.500        ; 0.000          ; Low Pulse Width  ; op[2] ; Rise       ; temp_out[11]            ;
; 0.500  ; 0.500        ; 0.000          ; High Pulse Width ; op[2] ; Rise       ; temp_out[11]|datad      ;
; 0.500  ; 0.500        ; 0.000          ; Low Pulse Width  ; op[2] ; Rise       ; temp_out[11]|datad      ;
; 0.500  ; 0.500        ; 0.000          ; High Pulse Width ; op[2] ; Rise       ; temp_out[12]            ;
; 0.500  ; 0.500        ; 0.000          ; Low Pulse Width  ; op[2] ; Rise       ; temp_out[12]            ;
; 0.500  ; 0.500        ; 0.000          ; High Pulse Width ; op[2] ; Rise       ; temp_out[12]|datad      ;
; 0.500  ; 0.500        ; 0.000          ; Low Pulse Width  ; op[2] ; Rise       ; temp_out[12]|datad      ;
; 0.500  ; 0.500        ; 0.000          ; High Pulse Width ; op[2] ; Rise       ; temp_out[13]            ;
; 0.500  ; 0.500        ; 0.000          ; Low Pulse Width  ; op[2] ; Rise       ; temp_out[13]            ;
; 0.500  ; 0.500        ; 0.000          ; High Pulse Width ; op[2] ; Rise       ; temp_out[13]|datad      ;
; 0.500  ; 0.500        ; 0.000          ; Low Pulse Width  ; op[2] ; Rise       ; temp_out[13]|datad      ;
; 0.500  ; 0.500        ; 0.000          ; High Pulse Width ; op[2] ; Rise       ; temp_out[14]            ;
; 0.500  ; 0.500        ; 0.000          ; Low Pulse Width  ; op[2] ; Rise       ; temp_out[14]            ;
; 0.500  ; 0.500        ; 0.000          ; High Pulse Width ; op[2] ; Rise       ; temp_out[14]|datad      ;
; 0.500  ; 0.500        ; 0.000          ; Low Pulse Width  ; op[2] ; Rise       ; temp_out[14]|datad      ;
; 0.500  ; 0.500        ; 0.000          ; High Pulse Width ; op[2] ; Rise       ; temp_out[15]            ;
; 0.500  ; 0.500        ; 0.000          ; Low Pulse Width  ; op[2] ; Rise       ; temp_out[15]            ;
; 0.500  ; 0.500        ; 0.000          ; High Pulse Width ; op[2] ; Rise       ; temp_out[15]|datad      ;
; 0.500  ; 0.500        ; 0.000          ; Low Pulse Width  ; op[2] ; Rise       ; temp_out[15]|datad      ;
; 0.500  ; 0.500        ; 0.000          ; High Pulse Width ; op[2] ; Rise       ; temp_out[1]             ;
; 0.500  ; 0.500        ; 0.000          ; Low Pulse Width  ; op[2] ; Rise       ; temp_out[1]             ;
; 0.500  ; 0.500        ; 0.000          ; High Pulse Width ; op[2] ; Rise       ; temp_out[1]|datad       ;
; 0.500  ; 0.500        ; 0.000          ; Low Pulse Width  ; op[2] ; Rise       ; temp_out[1]|datad       ;
; 0.500  ; 0.500        ; 0.000          ; High Pulse Width ; op[2] ; Rise       ; temp_out[2]             ;
; 0.500  ; 0.500        ; 0.000          ; Low Pulse Width  ; op[2] ; Rise       ; temp_out[2]             ;
; 0.500  ; 0.500        ; 0.000          ; High Pulse Width ; op[2] ; Rise       ; temp_out[2]|datad       ;
; 0.500  ; 0.500        ; 0.000          ; Low Pulse Width  ; op[2] ; Rise       ; temp_out[2]|datad       ;
; 0.500  ; 0.500        ; 0.000          ; High Pulse Width ; op[2] ; Rise       ; temp_out[3]             ;
; 0.500  ; 0.500        ; 0.000          ; Low Pulse Width  ; op[2] ; Rise       ; temp_out[3]             ;
; 0.500  ; 0.500        ; 0.000          ; High Pulse Width ; op[2] ; Rise       ; temp_out[3]|datad       ;
; 0.500  ; 0.500        ; 0.000          ; Low Pulse Width  ; op[2] ; Rise       ; temp_out[3]|datad       ;
; 0.500  ; 0.500        ; 0.000          ; High Pulse Width ; op[2] ; Rise       ; temp_out[4]             ;
; 0.500  ; 0.500        ; 0.000          ; Low Pulse Width  ; op[2] ; Rise       ; temp_out[4]             ;
; 0.500  ; 0.500        ; 0.000          ; High Pulse Width ; op[2] ; Rise       ; temp_out[4]|datad       ;
; 0.500  ; 0.500        ; 0.000          ; Low Pulse Width  ; op[2] ; Rise       ; temp_out[4]|datad       ;
; 0.500  ; 0.500        ; 0.000          ; High Pulse Width ; op[2] ; Rise       ; temp_out[5]             ;
; 0.500  ; 0.500        ; 0.000          ; Low Pulse Width  ; op[2] ; Rise       ; temp_out[5]             ;
; 0.500  ; 0.500        ; 0.000          ; High Pulse Width ; op[2] ; Rise       ; temp_out[5]|datad       ;
; 0.500  ; 0.500        ; 0.000          ; Low Pulse Width  ; op[2] ; Rise       ; temp_out[5]|datad       ;
; 0.500  ; 0.500        ; 0.000          ; High Pulse Width ; op[2] ; Rise       ; temp_out[6]             ;
; 0.500  ; 0.500        ; 0.000          ; Low Pulse Width  ; op[2] ; Rise       ; temp_out[6]             ;
; 0.500  ; 0.500        ; 0.000          ; High Pulse Width ; op[2] ; Rise       ; temp_out[6]|datad       ;
; 0.500  ; 0.500        ; 0.000          ; Low Pulse Width  ; op[2] ; Rise       ; temp_out[6]|datad       ;
; 0.500  ; 0.500        ; 0.000          ; High Pulse Width ; op[2] ; Rise       ; temp_out[7]             ;
; 0.500  ; 0.500        ; 0.000          ; Low Pulse Width  ; op[2] ; Rise       ; temp_out[7]             ;
; 0.500  ; 0.500        ; 0.000          ; High Pulse Width ; op[2] ; Rise       ; temp_out[7]|datad       ;
; 0.500  ; 0.500        ; 0.000          ; Low Pulse Width  ; op[2] ; Rise       ; temp_out[7]|datad       ;
; 0.500  ; 0.500        ; 0.000          ; High Pulse Width ; op[2] ; Rise       ; temp_out[8]             ;
; 0.500  ; 0.500        ; 0.000          ; Low Pulse Width  ; op[2] ; Rise       ; temp_out[8]             ;
; 0.500  ; 0.500        ; 0.000          ; High Pulse Width ; op[2] ; Rise       ; temp_out[8]|datad       ;
; 0.500  ; 0.500        ; 0.000          ; Low Pulse Width  ; op[2] ; Rise       ; temp_out[8]|datad       ;
; 0.500  ; 0.500        ; 0.000          ; High Pulse Width ; op[2] ; Rise       ; temp_out[9]             ;
; 0.500  ; 0.500        ; 0.000          ; Low Pulse Width  ; op[2] ; Rise       ; temp_out[9]             ;
; 0.500  ; 0.500        ; 0.000          ; High Pulse Width ; op[2] ; Rise       ; temp_out[9]|datad       ;
; 0.500  ; 0.500        ; 0.000          ; Low Pulse Width  ; op[2] ; Rise       ; temp_out[9]|datad       ;
+--------+--------------+----------------+------------------+-------+------------+-------------------------+


+--------------------------------------------------------------------------+
; Setup Times                                                              ;
+--------------+------------+-------+-------+------------+-----------------+
; Data Port    ; Clock Port ; Rise  ; Fall  ; Clock Edge ; Clock Reference ;
+--------------+------------+-------+-------+------------+-----------------+
; input_a[*]   ; op[2]      ; 6.859 ; 6.859 ; Rise       ; op[2]           ;
;  input_a[0]  ; op[2]      ; 6.410 ; 6.410 ; Rise       ; op[2]           ;
;  input_a[1]  ; op[2]      ; 6.130 ; 6.130 ; Rise       ; op[2]           ;
;  input_a[2]  ; op[2]      ; 6.514 ; 6.514 ; Rise       ; op[2]           ;
;  input_a[3]  ; op[2]      ; 6.434 ; 6.434 ; Rise       ; op[2]           ;
;  input_a[4]  ; op[2]      ; 6.226 ; 6.226 ; Rise       ; op[2]           ;
;  input_a[5]  ; op[2]      ; 6.859 ; 6.859 ; Rise       ; op[2]           ;
;  input_a[6]  ; op[2]      ; 5.755 ; 5.755 ; Rise       ; op[2]           ;
;  input_a[7]  ; op[2]      ; 6.674 ; 6.674 ; Rise       ; op[2]           ;
;  input_a[8]  ; op[2]      ; 6.074 ; 6.074 ; Rise       ; op[2]           ;
;  input_a[9]  ; op[2]      ; 5.718 ; 5.718 ; Rise       ; op[2]           ;
;  input_a[10] ; op[2]      ; 6.187 ; 6.187 ; Rise       ; op[2]           ;
;  input_a[11] ; op[2]      ; 5.572 ; 5.572 ; Rise       ; op[2]           ;
;  input_a[12] ; op[2]      ; 5.244 ; 5.244 ; Rise       ; op[2]           ;
;  input_a[13] ; op[2]      ; 5.047 ; 5.047 ; Rise       ; op[2]           ;
;  input_a[14] ; op[2]      ; 5.029 ; 5.029 ; Rise       ; op[2]           ;
;  input_a[15] ; op[2]      ; 5.535 ; 5.535 ; Rise       ; op[2]           ;
; input_b[*]   ; op[2]      ; 7.733 ; 7.733 ; Rise       ; op[2]           ;
;  input_b[0]  ; op[2]      ; 7.538 ; 7.538 ; Rise       ; op[2]           ;
;  input_b[1]  ; op[2]      ; 7.733 ; 7.733 ; Rise       ; op[2]           ;
;  input_b[2]  ; op[2]      ; 6.691 ; 6.691 ; Rise       ; op[2]           ;
;  input_b[3]  ; op[2]      ; 7.117 ; 7.117 ; Rise       ; op[2]           ;
;  input_b[4]  ; op[2]      ; 7.627 ; 7.627 ; Rise       ; op[2]           ;
;  input_b[5]  ; op[2]      ; 6.691 ; 6.691 ; Rise       ; op[2]           ;
;  input_b[6]  ; op[2]      ; 7.133 ; 7.133 ; Rise       ; op[2]           ;
;  input_b[7]  ; op[2]      ; 6.542 ; 6.542 ; Rise       ; op[2]           ;
;  input_b[8]  ; op[2]      ; 6.786 ; 6.786 ; Rise       ; op[2]           ;
;  input_b[9]  ; op[2]      ; 6.566 ; 6.566 ; Rise       ; op[2]           ;
;  input_b[10] ; op[2]      ; 6.151 ; 6.151 ; Rise       ; op[2]           ;
;  input_b[11] ; op[2]      ; 6.183 ; 6.183 ; Rise       ; op[2]           ;
;  input_b[12] ; op[2]      ; 6.704 ; 6.704 ; Rise       ; op[2]           ;
;  input_b[13] ; op[2]      ; 6.747 ; 6.747 ; Rise       ; op[2]           ;
;  input_b[14] ; op[2]      ; 6.196 ; 6.196 ; Rise       ; op[2]           ;
;  input_b[15] ; op[2]      ; 6.255 ; 6.255 ; Rise       ; op[2]           ;
; op[*]        ; op[2]      ; 7.241 ; 7.241 ; Rise       ; op[2]           ;
;  op[0]       ; op[2]      ; 7.241 ; 7.241 ; Rise       ; op[2]           ;
;  op[1]       ; op[2]      ; 1.772 ; 1.772 ; Rise       ; op[2]           ;
+--------------+------------+-------+-------+------------+-----------------+


+----------------------------------------------------------------------------+
; Hold Times                                                                 ;
+--------------+------------+--------+--------+------------+-----------------+
; Data Port    ; Clock Port ; Rise   ; Fall   ; Clock Edge ; Clock Reference ;
+--------------+------------+--------+--------+------------+-----------------+
; input_a[*]   ; op[2]      ; -3.088 ; -3.088 ; Rise       ; op[2]           ;
;  input_a[0]  ; op[2]      ; -3.589 ; -3.589 ; Rise       ; op[2]           ;
;  input_a[1]  ; op[2]      ; -3.564 ; -3.564 ; Rise       ; op[2]           ;
;  input_a[2]  ; op[2]      ; -3.743 ; -3.743 ; Rise       ; op[2]           ;
;  input_a[3]  ; op[2]      ; -3.707 ; -3.707 ; Rise       ; op[2]           ;
;  input_a[4]  ; op[2]      ; -3.540 ; -3.540 ; Rise       ; op[2]           ;
;  input_a[5]  ; op[2]      ; -3.751 ; -3.751 ; Rise       ; op[2]           ;
;  input_a[6]  ; op[2]      ; -3.088 ; -3.088 ; Rise       ; op[2]           ;
;  input_a[7]  ; op[2]      ; -4.097 ; -4.097 ; Rise       ; op[2]           ;
;  input_a[8]  ; op[2]      ; -3.577 ; -3.577 ; Rise       ; op[2]           ;
;  input_a[9]  ; op[2]      ; -3.547 ; -3.547 ; Rise       ; op[2]           ;
;  input_a[10] ; op[2]      ; -4.525 ; -4.525 ; Rise       ; op[2]           ;
;  input_a[11] ; op[2]      ; -4.036 ; -4.036 ; Rise       ; op[2]           ;
;  input_a[12] ; op[2]      ; -3.176 ; -3.176 ; Rise       ; op[2]           ;
;  input_a[13] ; op[2]      ; -3.381 ; -3.381 ; Rise       ; op[2]           ;
;  input_a[14] ; op[2]      ; -3.473 ; -3.473 ; Rise       ; op[2]           ;
;  input_a[15] ; op[2]      ; -3.725 ; -3.725 ; Rise       ; op[2]           ;
; input_b[*]   ; op[2]      ; -3.217 ; -3.217 ; Rise       ; op[2]           ;
;  input_b[0]  ; op[2]      ; -3.737 ; -3.737 ; Rise       ; op[2]           ;
;  input_b[1]  ; op[2]      ; -4.034 ; -4.034 ; Rise       ; op[2]           ;
;  input_b[2]  ; op[2]      ; -3.485 ; -3.485 ; Rise       ; op[2]           ;
;  input_b[3]  ; op[2]      ; -3.460 ; -3.460 ; Rise       ; op[2]           ;
;  input_b[4]  ; op[2]      ; -4.374 ; -4.374 ; Rise       ; op[2]           ;
;  input_b[5]  ; op[2]      ; -3.217 ; -3.217 ; Rise       ; op[2]           ;
;  input_b[6]  ; op[2]      ; -3.696 ; -3.696 ; Rise       ; op[2]           ;
;  input_b[7]  ; op[2]      ; -3.753 ; -3.753 ; Rise       ; op[2]           ;
;  input_b[8]  ; op[2]      ; -3.869 ; -3.869 ; Rise       ; op[2]           ;
;  input_b[9]  ; op[2]      ; -3.481 ; -3.481 ; Rise       ; op[2]           ;
;  input_b[10] ; op[2]      ; -3.845 ; -3.845 ; Rise       ; op[2]           ;
;  input_b[11] ; op[2]      ; -4.160 ; -4.160 ; Rise       ; op[2]           ;
;  input_b[12] ; op[2]      ; -3.559 ; -3.559 ; Rise       ; op[2]           ;
;  input_b[13] ; op[2]      ; -3.991 ; -3.991 ; Rise       ; op[2]           ;
;  input_b[14] ; op[2]      ; -3.223 ; -3.223 ; Rise       ; op[2]           ;
;  input_b[15] ; op[2]      ; -4.351 ; -4.351 ; Rise       ; op[2]           ;
; op[*]        ; op[2]      ; 0.609  ; 0.609  ; Rise       ; op[2]           ;
;  op[0]       ; op[2]      ; -3.327 ; -3.327 ; Rise       ; op[2]           ;
;  op[1]       ; op[2]      ; 0.609  ; 0.609  ; Rise       ; op[2]           ;
+--------------+------------+--------+--------+------------+-----------------+


+-----------------------------------------------------------------------+
; Clock to Output Times                                                 ;
+-----------+------------+-------+-------+------------+-----------------+
; Data Port ; Clock Port ; Rise  ; Fall  ; Clock Edge ; Clock Reference ;
+-----------+------------+-------+-------+------------+-----------------+
; out[*]    ; op[2]      ; 8.078 ; 8.078 ; Rise       ; op[2]           ;
;  out[0]   ; op[2]      ; 7.813 ; 7.813 ; Rise       ; op[2]           ;
;  out[1]   ; op[2]      ; 7.832 ; 7.832 ; Rise       ; op[2]           ;
;  out[2]   ; op[2]      ; 7.569 ; 7.569 ; Rise       ; op[2]           ;
;  out[3]   ; op[2]      ; 7.617 ; 7.617 ; Rise       ; op[2]           ;
;  out[4]   ; op[2]      ; 8.046 ; 8.046 ; Rise       ; op[2]           ;
;  out[5]   ; op[2]      ; 7.634 ; 7.634 ; Rise       ; op[2]           ;
;  out[6]   ; op[2]      ; 7.365 ; 7.365 ; Rise       ; op[2]           ;
;  out[7]   ; op[2]      ; 7.893 ; 7.893 ; Rise       ; op[2]           ;
;  out[8]   ; op[2]      ; 7.652 ; 7.652 ; Rise       ; op[2]           ;
;  out[9]   ; op[2]      ; 8.078 ; 8.078 ; Rise       ; op[2]           ;
;  out[10]  ; op[2]      ; 8.004 ; 8.004 ; Rise       ; op[2]           ;
;  out[11]  ; op[2]      ; 7.837 ; 7.837 ; Rise       ; op[2]           ;
;  out[12]  ; op[2]      ; 7.798 ; 7.798 ; Rise       ; op[2]           ;
;  out[13]  ; op[2]      ; 7.830 ; 7.830 ; Rise       ; op[2]           ;
;  out[14]  ; op[2]      ; 7.873 ; 7.873 ; Rise       ; op[2]           ;
;  out[15]  ; op[2]      ; 7.362 ; 7.362 ; Rise       ; op[2]           ;
+-----------+------------+-------+-------+------------+-----------------+


+-----------------------------------------------------------------------+
; Minimum Clock to Output Times                                         ;
+-----------+------------+-------+-------+------------+-----------------+
; Data Port ; Clock Port ; Rise  ; Fall  ; Clock Edge ; Clock Reference ;
+-----------+------------+-------+-------+------------+-----------------+
; out[*]    ; op[2]      ; 7.362 ; 7.362 ; Rise       ; op[2]           ;
;  out[0]   ; op[2]      ; 7.813 ; 7.813 ; Rise       ; op[2]           ;
;  out[1]   ; op[2]      ; 7.832 ; 7.832 ; Rise       ; op[2]           ;
;  out[2]   ; op[2]      ; 7.569 ; 7.569 ; Rise       ; op[2]           ;
;  out[3]   ; op[2]      ; 7.617 ; 7.617 ; Rise       ; op[2]           ;
;  out[4]   ; op[2]      ; 8.046 ; 8.046 ; Rise       ; op[2]           ;
;  out[5]   ; op[2]      ; 7.634 ; 7.634 ; Rise       ; op[2]           ;
;  out[6]   ; op[2]      ; 7.365 ; 7.365 ; Rise       ; op[2]           ;
;  out[7]   ; op[2]      ; 7.893 ; 7.893 ; Rise       ; op[2]           ;
;  out[8]   ; op[2]      ; 7.652 ; 7.652 ; Rise       ; op[2]           ;
;  out[9]   ; op[2]      ; 8.078 ; 8.078 ; Rise       ; op[2]           ;
;  out[10]  ; op[2]      ; 8.004 ; 8.004 ; Rise       ; op[2]           ;
;  out[11]  ; op[2]      ; 7.837 ; 7.837 ; Rise       ; op[2]           ;
;  out[12]  ; op[2]      ; 7.798 ; 7.798 ; Rise       ; op[2]           ;
;  out[13]  ; op[2]      ; 7.830 ; 7.830 ; Rise       ; op[2]           ;
;  out[14]  ; op[2]      ; 7.873 ; 7.873 ; Rise       ; op[2]           ;
;  out[15]  ; op[2]      ; 7.362 ; 7.362 ; Rise       ; op[2]           ;
+-----------+------------+-------+-------+------------+-----------------+


----------------------------
; Fast Model Setup Summary ;
----------------------------
No paths to report.


---------------------------
; Fast Model Hold Summary ;
---------------------------
No paths to report.


-------------------------------
; Fast Model Recovery Summary ;
-------------------------------
No paths to report.


------------------------------
; Fast Model Removal Summary ;
------------------------------
No paths to report.


+----------------------------------------+
; Fast Model Minimum Pulse Width Summary ;
+-------+--------+-----------------------+
; Clock ; Slack  ; End Point TNS         ;
+-------+--------+-----------------------+
; op[2] ; -1.222 ; -1.222                ;
+-------+--------+-----------------------+


+----------------------------------------------------------------------------------------------------------+
; Fast Model Minimum Pulse Width: 'op[2]'                                                                  ;
+--------+--------------+----------------+------------------+-------+------------+-------------------------+
; Slack  ; Actual Width ; Required Width ; Type             ; Clock ; Clock Edge ; Target                  ;
+--------+--------------+----------------+------------------+-------+------------+-------------------------+
; -1.222 ; 1.000        ; 2.222          ; Port Rate        ; op[2] ; Rise       ; op[2]                   ;
; 0.500  ; 0.500        ; 0.000          ; High Pulse Width ; op[2] ; Rise       ; Mux16~0clkctrl|inclk[0] ;
; 0.500  ; 0.500        ; 0.000          ; Low Pulse Width  ; op[2] ; Rise       ; Mux16~0clkctrl|inclk[0] ;
; 0.500  ; 0.500        ; 0.000          ; High Pulse Width ; op[2] ; Rise       ; Mux16~0clkctrl|outclk   ;
; 0.500  ; 0.500        ; 0.000          ; Low Pulse Width  ; op[2] ; Rise       ; Mux16~0clkctrl|outclk   ;
; 0.500  ; 0.500        ; 0.000          ; High Pulse Width ; op[2] ; Rise       ; Mux16~0|combout         ;
; 0.500  ; 0.500        ; 0.000          ; Low Pulse Width  ; op[2] ; Rise       ; Mux16~0|combout         ;
; 0.500  ; 0.500        ; 0.000          ; High Pulse Width ; op[2] ; Rise       ; Mux16~0|datad           ;
; 0.500  ; 0.500        ; 0.000          ; Low Pulse Width  ; op[2] ; Rise       ; Mux16~0|datad           ;
; 0.500  ; 0.500        ; 0.000          ; High Pulse Width ; op[2] ; Rise       ; op[2]|combout           ;
; 0.500  ; 0.500        ; 0.000          ; Low Pulse Width  ; op[2] ; Rise       ; op[2]|combout           ;
; 0.500  ; 0.500        ; 0.000          ; High Pulse Width ; op[2] ; Rise       ; temp_out[0]             ;
; 0.500  ; 0.500        ; 0.000          ; Low Pulse Width  ; op[2] ; Rise       ; temp_out[0]             ;
; 0.500  ; 0.500        ; 0.000          ; High Pulse Width ; op[2] ; Rise       ; temp_out[0]|datad       ;
; 0.500  ; 0.500        ; 0.000          ; Low Pulse Width  ; op[2] ; Rise       ; temp_out[0]|datad       ;
; 0.500  ; 0.500        ; 0.000          ; High Pulse Width ; op[2] ; Rise       ; temp_out[10]            ;
; 0.500  ; 0.500        ; 0.000          ; Low Pulse Width  ; op[2] ; Rise       ; temp_out[10]            ;
; 0.500  ; 0.500        ; 0.000          ; High Pulse Width ; op[2] ; Rise       ; temp_out[10]|datad      ;
; 0.500  ; 0.500        ; 0.000          ; Low Pulse Width  ; op[2] ; Rise       ; temp_out[10]|datad      ;
; 0.500  ; 0.500        ; 0.000          ; High Pulse Width ; op[2] ; Rise       ; temp_out[11]            ;
; 0.500  ; 0.500        ; 0.000          ; Low Pulse Width  ; op[2] ; Rise       ; temp_out[11]            ;
; 0.500  ; 0.500        ; 0.000          ; High Pulse Width ; op[2] ; Rise       ; temp_out[11]|datad      ;
; 0.500  ; 0.500        ; 0.000          ; Low Pulse Width  ; op[2] ; Rise       ; temp_out[11]|datad      ;
; 0.500  ; 0.500        ; 0.000          ; High Pulse Width ; op[2] ; Rise       ; temp_out[12]            ;
; 0.500  ; 0.500        ; 0.000          ; Low Pulse Width  ; op[2] ; Rise       ; temp_out[12]            ;
; 0.500  ; 0.500        ; 0.000          ; High Pulse Width ; op[2] ; Rise       ; temp_out[12]|datad      ;
; 0.500  ; 0.500        ; 0.000          ; Low Pulse Width  ; op[2] ; Rise       ; temp_out[12]|datad      ;
; 0.500  ; 0.500        ; 0.000          ; High Pulse Width ; op[2] ; Rise       ; temp_out[13]            ;
; 0.500  ; 0.500        ; 0.000          ; Low Pulse Width  ; op[2] ; Rise       ; temp_out[13]            ;
; 0.500  ; 0.500        ; 0.000          ; High Pulse Width ; op[2] ; Rise       ; temp_out[13]|datad      ;
; 0.500  ; 0.500        ; 0.000          ; Low Pulse Width  ; op[2] ; Rise       ; temp_out[13]|datad      ;
; 0.500  ; 0.500        ; 0.000          ; High Pulse Width ; op[2] ; Rise       ; temp_out[14]            ;
; 0.500  ; 0.500        ; 0.000          ; Low Pulse Width  ; op[2] ; Rise       ; temp_out[14]            ;
; 0.500  ; 0.500        ; 0.000          ; High Pulse Width ; op[2] ; Rise       ; temp_out[14]|datad      ;
; 0.500  ; 0.500        ; 0.000          ; Low Pulse Width  ; op[2] ; Rise       ; temp_out[14]|datad      ;
; 0.500  ; 0.500        ; 0.000          ; High Pulse Width ; op[2] ; Rise       ; temp_out[15]            ;
; 0.500  ; 0.500        ; 0.000          ; Low Pulse Width  ; op[2] ; Rise       ; temp_out[15]            ;
; 0.500  ; 0.500        ; 0.000          ; High Pulse Width ; op[2] ; Rise       ; temp_out[15]|datad      ;
; 0.500  ; 0.500        ; 0.000          ; Low Pulse Width  ; op[2] ; Rise       ; temp_out[15]|datad      ;
; 0.500  ; 0.500        ; 0.000          ; High Pulse Width ; op[2] ; Rise       ; temp_out[1]             ;
; 0.500  ; 0.500        ; 0.000          ; Low Pulse Width  ; op[2] ; Rise       ; temp_out[1]             ;
; 0.500  ; 0.500        ; 0.000          ; High Pulse Width ; op[2] ; Rise       ; temp_out[1]|datad       ;
; 0.500  ; 0.500        ; 0.000          ; Low Pulse Width  ; op[2] ; Rise       ; temp_out[1]|datad       ;
; 0.500  ; 0.500        ; 0.000          ; High Pulse Width ; op[2] ; Rise       ; temp_out[2]             ;
; 0.500  ; 0.500        ; 0.000          ; Low Pulse Width  ; op[2] ; Rise       ; temp_out[2]             ;
; 0.500  ; 0.500        ; 0.000          ; High Pulse Width ; op[2] ; Rise       ; temp_out[2]|datad       ;
; 0.500  ; 0.500        ; 0.000          ; Low Pulse Width  ; op[2] ; Rise       ; temp_out[2]|datad       ;
; 0.500  ; 0.500        ; 0.000          ; High Pulse Width ; op[2] ; Rise       ; temp_out[3]             ;
; 0.500  ; 0.500        ; 0.000          ; Low Pulse Width  ; op[2] ; Rise       ; temp_out[3]             ;
; 0.500  ; 0.500        ; 0.000          ; High Pulse Width ; op[2] ; Rise       ; temp_out[3]|datad       ;
; 0.500  ; 0.500        ; 0.000          ; Low Pulse Width  ; op[2] ; Rise       ; temp_out[3]|datad       ;
; 0.500  ; 0.500        ; 0.000          ; High Pulse Width ; op[2] ; Rise       ; temp_out[4]             ;
; 0.500  ; 0.500        ; 0.000          ; Low Pulse Width  ; op[2] ; Rise       ; temp_out[4]             ;
; 0.500  ; 0.500        ; 0.000          ; High Pulse Width ; op[2] ; Rise       ; temp_out[4]|datad       ;
; 0.500  ; 0.500        ; 0.000          ; Low Pulse Width  ; op[2] ; Rise       ; temp_out[4]|datad       ;
; 0.500  ; 0.500        ; 0.000          ; High Pulse Width ; op[2] ; Rise       ; temp_out[5]             ;
; 0.500  ; 0.500        ; 0.000          ; Low Pulse Width  ; op[2] ; Rise       ; temp_out[5]             ;
; 0.500  ; 0.500        ; 0.000          ; High Pulse Width ; op[2] ; Rise       ; temp_out[5]|datad       ;
; 0.500  ; 0.500        ; 0.000          ; Low Pulse Width  ; op[2] ; Rise       ; temp_out[5]|datad       ;
; 0.500  ; 0.500        ; 0.000          ; High Pulse Width ; op[2] ; Rise       ; temp_out[6]             ;
; 0.500  ; 0.500        ; 0.000          ; Low Pulse Width  ; op[2] ; Rise       ; temp_out[6]             ;
; 0.500  ; 0.500        ; 0.000          ; High Pulse Width ; op[2] ; Rise       ; temp_out[6]|datad       ;
; 0.500  ; 0.500        ; 0.000          ; Low Pulse Width  ; op[2] ; Rise       ; temp_out[6]|datad       ;
; 0.500  ; 0.500        ; 0.000          ; High Pulse Width ; op[2] ; Rise       ; temp_out[7]             ;
; 0.500  ; 0.500        ; 0.000          ; Low Pulse Width  ; op[2] ; Rise       ; temp_out[7]             ;
; 0.500  ; 0.500        ; 0.000          ; High Pulse Width ; op[2] ; Rise       ; temp_out[7]|datad       ;
; 0.500  ; 0.500        ; 0.000          ; Low Pulse Width  ; op[2] ; Rise       ; temp_out[7]|datad       ;
; 0.500  ; 0.500        ; 0.000          ; High Pulse Width ; op[2] ; Rise       ; temp_out[8]             ;
; 0.500  ; 0.500        ; 0.000          ; Low Pulse Width  ; op[2] ; Rise       ; temp_out[8]             ;
; 0.500  ; 0.500        ; 0.000          ; High Pulse Width ; op[2] ; Rise       ; temp_out[8]|datad       ;
; 0.500  ; 0.500        ; 0.000          ; Low Pulse Width  ; op[2] ; Rise       ; temp_out[8]|datad       ;
; 0.500  ; 0.500        ; 0.000          ; High Pulse Width ; op[2] ; Rise       ; temp_out[9]             ;
; 0.500  ; 0.500        ; 0.000          ; Low Pulse Width  ; op[2] ; Rise       ; temp_out[9]             ;
; 0.500  ; 0.500        ; 0.000          ; High Pulse Width ; op[2] ; Rise       ; temp_out[9]|datad       ;
; 0.500  ; 0.500        ; 0.000          ; Low Pulse Width  ; op[2] ; Rise       ; temp_out[9]|datad       ;
+--------+--------------+----------------+------------------+-------+------------+-------------------------+


+--------------------------------------------------------------------------+
; Setup Times                                                              ;
+--------------+------------+-------+-------+------------+-----------------+
; Data Port    ; Clock Port ; Rise  ; Fall  ; Clock Edge ; Clock Reference ;
+--------------+------------+-------+-------+------------+-----------------+
; input_a[*]   ; op[2]      ; 3.431 ; 3.431 ; Rise       ; op[2]           ;
;  input_a[0]  ; op[2]      ; 3.186 ; 3.186 ; Rise       ; op[2]           ;
;  input_a[1]  ; op[2]      ; 3.075 ; 3.075 ; Rise       ; op[2]           ;
;  input_a[2]  ; op[2]      ; 3.240 ; 3.240 ; Rise       ; op[2]           ;
;  input_a[3]  ; op[2]      ; 3.201 ; 3.201 ; Rise       ; op[2]           ;
;  input_a[4]  ; op[2]      ; 3.143 ; 3.143 ; Rise       ; op[2]           ;
;  input_a[5]  ; op[2]      ; 3.431 ; 3.431 ; Rise       ; op[2]           ;
;  input_a[6]  ; op[2]      ; 2.870 ; 2.870 ; Rise       ; op[2]           ;
;  input_a[7]  ; op[2]      ; 3.326 ; 3.326 ; Rise       ; op[2]           ;
;  input_a[8]  ; op[2]      ; 3.039 ; 3.039 ; Rise       ; op[2]           ;
;  input_a[9]  ; op[2]      ; 2.836 ; 2.836 ; Rise       ; op[2]           ;
;  input_a[10] ; op[2]      ; 3.077 ; 3.077 ; Rise       ; op[2]           ;
;  input_a[11] ; op[2]      ; 2.773 ; 2.773 ; Rise       ; op[2]           ;
;  input_a[12] ; op[2]      ; 2.629 ; 2.629 ; Rise       ; op[2]           ;
;  input_a[13] ; op[2]      ; 2.527 ; 2.527 ; Rise       ; op[2]           ;
;  input_a[14] ; op[2]      ; 2.532 ; 2.532 ; Rise       ; op[2]           ;
;  input_a[15] ; op[2]      ; 2.784 ; 2.784 ; Rise       ; op[2]           ;
; input_b[*]   ; op[2]      ; 3.817 ; 3.817 ; Rise       ; op[2]           ;
;  input_b[0]  ; op[2]      ; 3.706 ; 3.706 ; Rise       ; op[2]           ;
;  input_b[1]  ; op[2]      ; 3.817 ; 3.817 ; Rise       ; op[2]           ;
;  input_b[2]  ; op[2]      ; 3.296 ; 3.296 ; Rise       ; op[2]           ;
;  input_b[3]  ; op[2]      ; 3.501 ; 3.501 ; Rise       ; op[2]           ;
;  input_b[4]  ; op[2]      ; 3.771 ; 3.771 ; Rise       ; op[2]           ;
;  input_b[5]  ; op[2]      ; 3.289 ; 3.289 ; Rise       ; op[2]           ;
;  input_b[6]  ; op[2]      ; 3.530 ; 3.530 ; Rise       ; op[2]           ;
;  input_b[7]  ; op[2]      ; 3.190 ; 3.190 ; Rise       ; op[2]           ;
;  input_b[8]  ; op[2]      ; 3.349 ; 3.349 ; Rise       ; op[2]           ;
;  input_b[9]  ; op[2]      ; 3.202 ; 3.202 ; Rise       ; op[2]           ;
;  input_b[10] ; op[2]      ; 3.012 ; 3.012 ; Rise       ; op[2]           ;
;  input_b[11] ; op[2]      ; 3.023 ; 3.023 ; Rise       ; op[2]           ;
;  input_b[12] ; op[2]      ; 3.281 ; 3.281 ; Rise       ; op[2]           ;
;  input_b[13] ; op[2]      ; 3.289 ; 3.289 ; Rise       ; op[2]           ;
;  input_b[14] ; op[2]      ; 3.035 ; 3.035 ; Rise       ; op[2]           ;
;  input_b[15] ; op[2]      ; 3.123 ; 3.123 ; Rise       ; op[2]           ;
; op[*]        ; op[2]      ; 3.536 ; 3.536 ; Rise       ; op[2]           ;
;  op[0]       ; op[2]      ; 3.536 ; 3.536 ; Rise       ; op[2]           ;
;  op[1]       ; op[2]      ; 0.492 ; 0.492 ; Rise       ; op[2]           ;
+--------------+------------+-------+-------+------------+-----------------+


+----------------------------------------------------------------------------+
; Hold Times                                                                 ;
+--------------+------------+--------+--------+------------+-----------------+
; Data Port    ; Clock Port ; Rise   ; Fall   ; Clock Edge ; Clock Reference ;
+--------------+------------+--------+--------+------------+-----------------+
; input_a[*]   ; op[2]      ; -1.720 ; -1.720 ; Rise       ; op[2]           ;
;  input_a[0]  ; op[2]      ; -1.954 ; -1.954 ; Rise       ; op[2]           ;
;  input_a[1]  ; op[2]      ; -1.924 ; -1.924 ; Rise       ; op[2]           ;
;  input_a[2]  ; op[2]      ; -2.009 ; -2.009 ; Rise       ; op[2]           ;
;  input_a[3]  ; op[2]      ; -2.001 ; -2.001 ; Rise       ; op[2]           ;
;  input_a[4]  ; op[2]      ; -1.953 ; -1.953 ; Rise       ; op[2]           ;
;  input_a[5]  ; op[2]      ; -2.074 ; -2.074 ; Rise       ; op[2]           ;
;  input_a[6]  ; op[2]      ; -1.720 ; -1.720 ; Rise       ; op[2]           ;
;  input_a[7]  ; op[2]      ; -2.222 ; -2.222 ; Rise       ; op[2]           ;
;  input_a[8]  ; op[2]      ; -1.969 ; -1.969 ; Rise       ; op[2]           ;
;  input_a[9]  ; op[2]      ; -1.917 ; -1.917 ; Rise       ; op[2]           ;
;  input_a[10] ; op[2]      ; -2.410 ; -2.410 ; Rise       ; op[2]           ;
;  input_a[11] ; op[2]      ; -2.140 ; -2.140 ; Rise       ; op[2]           ;
;  input_a[12] ; op[2]      ; -1.750 ; -1.750 ; Rise       ; op[2]           ;
;  input_a[13] ; op[2]      ; -1.833 ; -1.833 ; Rise       ; op[2]           ;
;  input_a[14] ; op[2]      ; -1.884 ; -1.884 ; Rise       ; op[2]           ;
;  input_a[15] ; op[2]      ; -2.014 ; -2.014 ; Rise       ; op[2]           ;
; input_b[*]   ; op[2]      ; -1.778 ; -1.778 ; Rise       ; op[2]           ;
;  input_b[0]  ; op[2]      ; -2.028 ; -2.028 ; Rise       ; op[2]           ;
;  input_b[1]  ; op[2]      ; -2.188 ; -2.188 ; Rise       ; op[2]           ;
;  input_b[2]  ; op[2]      ; -1.882 ; -1.882 ; Rise       ; op[2]           ;
;  input_b[3]  ; op[2]      ; -1.896 ; -1.896 ; Rise       ; op[2]           ;
;  input_b[4]  ; op[2]      ; -2.340 ; -2.340 ; Rise       ; op[2]           ;
;  input_b[5]  ; op[2]      ; -1.781 ; -1.781 ; Rise       ; op[2]           ;
;  input_b[6]  ; op[2]      ; -2.055 ; -2.055 ; Rise       ; op[2]           ;
;  input_b[7]  ; op[2]      ; -2.008 ; -2.008 ; Rise       ; op[2]           ;
;  input_b[8]  ; op[2]      ; -2.107 ; -2.107 ; Rise       ; op[2]           ;
;  input_b[9]  ; op[2]      ; -1.899 ; -1.899 ; Rise       ; op[2]           ;
;  input_b[10] ; op[2]      ; -2.063 ; -2.063 ; Rise       ; op[2]           ;
;  input_b[11] ; op[2]      ; -2.199 ; -2.199 ; Rise       ; op[2]           ;
;  input_b[12] ; op[2]      ; -1.960 ; -1.960 ; Rise       ; op[2]           ;
;  input_b[13] ; op[2]      ; -2.145 ; -2.145 ; Rise       ; op[2]           ;
;  input_b[14] ; op[2]      ; -1.778 ; -1.778 ; Rise       ; op[2]           ;
;  input_b[15] ; op[2]      ; -2.314 ; -2.314 ; Rise       ; op[2]           ;
; op[*]        ; op[2]      ; 0.528  ; 0.528  ; Rise       ; op[2]           ;
;  op[0]       ; op[2]      ; -1.831 ; -1.831 ; Rise       ; op[2]           ;
;  op[1]       ; op[2]      ; 0.528  ; 0.528  ; Rise       ; op[2]           ;
+--------------+------------+--------+--------+------------+-----------------+


+-----------------------------------------------------------------------+
; Clock to Output Times                                                 ;
+-----------+------------+-------+-------+------------+-----------------+
; Data Port ; Clock Port ; Rise  ; Fall  ; Clock Edge ; Clock Reference ;
+-----------+------------+-------+-------+------------+-----------------+
; out[*]    ; op[2]      ; 4.320 ; 4.320 ; Rise       ; op[2]           ;
;  out[0]   ; op[2]      ; 4.194 ; 4.194 ; Rise       ; op[2]           ;
;  out[1]   ; op[2]      ; 4.219 ; 4.219 ; Rise       ; op[2]           ;
;  out[2]   ; op[2]      ; 4.094 ; 4.094 ; Rise       ; op[2]           ;
;  out[3]   ; op[2]      ; 4.123 ; 4.123 ; Rise       ; op[2]           ;
;  out[4]   ; op[2]      ; 4.302 ; 4.302 ; Rise       ; op[2]           ;
;  out[5]   ; op[2]      ; 4.125 ; 4.125 ; Rise       ; op[2]           ;
;  out[6]   ; op[2]      ; 3.991 ; 3.991 ; Rise       ; op[2]           ;
;  out[7]   ; op[2]      ; 4.260 ; 4.260 ; Rise       ; op[2]           ;
;  out[8]   ; op[2]      ; 4.140 ; 4.140 ; Rise       ; op[2]           ;
;  out[9]   ; op[2]      ; 4.320 ; 4.320 ; Rise       ; op[2]           ;
;  out[10]  ; op[2]      ; 4.310 ; 4.310 ; Rise       ; op[2]           ;
;  out[11]  ; op[2]      ; 4.216 ; 4.216 ; Rise       ; op[2]           ;
;  out[12]  ; op[2]      ; 4.183 ; 4.183 ; Rise       ; op[2]           ;
;  out[13]  ; op[2]      ; 4.218 ; 4.218 ; Rise       ; op[2]           ;
;  out[14]  ; op[2]      ; 4.247 ; 4.247 ; Rise       ; op[2]           ;
;  out[15]  ; op[2]      ; 3.986 ; 3.986 ; Rise       ; op[2]           ;
+-----------+------------+-------+-------+------------+-----------------+


+-----------------------------------------------------------------------+
; Minimum Clock to Output Times                                         ;
+-----------+------------+-------+-------+------------+-----------------+
; Data Port ; Clock Port ; Rise  ; Fall  ; Clock Edge ; Clock Reference ;
+-----------+------------+-------+-------+------------+-----------------+
; out[*]    ; op[2]      ; 3.986 ; 3.986 ; Rise       ; op[2]           ;
;  out[0]   ; op[2]      ; 4.194 ; 4.194 ; Rise       ; op[2]           ;
;  out[1]   ; op[2]      ; 4.219 ; 4.219 ; Rise       ; op[2]           ;
;  out[2]   ; op[2]      ; 4.094 ; 4.094 ; Rise       ; op[2]           ;
;  out[3]   ; op[2]      ; 4.123 ; 4.123 ; Rise       ; op[2]           ;
;  out[4]   ; op[2]      ; 4.302 ; 4.302 ; Rise       ; op[2]           ;
;  out[5]   ; op[2]      ; 4.125 ; 4.125 ; Rise       ; op[2]           ;
;  out[6]   ; op[2]      ; 3.991 ; 3.991 ; Rise       ; op[2]           ;
;  out[7]   ; op[2]      ; 4.260 ; 4.260 ; Rise       ; op[2]           ;
;  out[8]   ; op[2]      ; 4.140 ; 4.140 ; Rise       ; op[2]           ;
;  out[9]   ; op[2]      ; 4.320 ; 4.320 ; Rise       ; op[2]           ;
;  out[10]  ; op[2]      ; 4.310 ; 4.310 ; Rise       ; op[2]           ;
;  out[11]  ; op[2]      ; 4.216 ; 4.216 ; Rise       ; op[2]           ;
;  out[12]  ; op[2]      ; 4.183 ; 4.183 ; Rise       ; op[2]           ;
;  out[13]  ; op[2]      ; 4.218 ; 4.218 ; Rise       ; op[2]           ;
;  out[14]  ; op[2]      ; 4.247 ; 4.247 ; Rise       ; op[2]           ;
;  out[15]  ; op[2]      ; 3.986 ; 3.986 ; Rise       ; op[2]           ;
+-----------+------------+-------+-------+------------+-----------------+


+----------------------------------------------------------------------------+
; Multicorner Timing Analysis Summary                                        ;
+------------------+-------+------+----------+---------+---------------------+
; Clock            ; Setup ; Hold ; Recovery ; Removal ; Minimum Pulse Width ;
+------------------+-------+------+----------+---------+---------------------+
; Worst-case Slack ; N/A   ; N/A  ; N/A      ; N/A     ; -1.222              ;
;  op[2]           ; N/A   ; N/A  ; N/A      ; N/A     ; -1.222              ;
; Design-wide TNS  ; 0.0   ; 0.0  ; 0.0      ; 0.0     ; -1.222              ;
;  op[2]           ; N/A   ; N/A  ; N/A      ; N/A     ; -1.222              ;
+------------------+-------+------+----------+---------+---------------------+


+--------------------------------------------------------------------------+
; Setup Times                                                              ;
+--------------+------------+-------+-------+------------+-----------------+
; Data Port    ; Clock Port ; Rise  ; Fall  ; Clock Edge ; Clock Reference ;
+--------------+------------+-------+-------+------------+-----------------+
; input_a[*]   ; op[2]      ; 6.859 ; 6.859 ; Rise       ; op[2]           ;
;  input_a[0]  ; op[2]      ; 6.410 ; 6.410 ; Rise       ; op[2]           ;
;  input_a[1]  ; op[2]      ; 6.130 ; 6.130 ; Rise       ; op[2]           ;
;  input_a[2]  ; op[2]      ; 6.514 ; 6.514 ; Rise       ; op[2]           ;
;  input_a[3]  ; op[2]      ; 6.434 ; 6.434 ; Rise       ; op[2]           ;
;  input_a[4]  ; op[2]      ; 6.226 ; 6.226 ; Rise       ; op[2]           ;
;  input_a[5]  ; op[2]      ; 6.859 ; 6.859 ; Rise       ; op[2]           ;
;  input_a[6]  ; op[2]      ; 5.755 ; 5.755 ; Rise       ; op[2]           ;
;  input_a[7]  ; op[2]      ; 6.674 ; 6.674 ; Rise       ; op[2]           ;
;  input_a[8]  ; op[2]      ; 6.074 ; 6.074 ; Rise       ; op[2]           ;
;  input_a[9]  ; op[2]      ; 5.718 ; 5.718 ; Rise       ; op[2]           ;
;  input_a[10] ; op[2]      ; 6.187 ; 6.187 ; Rise       ; op[2]           ;
;  input_a[11] ; op[2]      ; 5.572 ; 5.572 ; Rise       ; op[2]           ;
;  input_a[12] ; op[2]      ; 5.244 ; 5.244 ; Rise       ; op[2]           ;
;  input_a[13] ; op[2]      ; 5.047 ; 5.047 ; Rise       ; op[2]           ;
;  input_a[14] ; op[2]      ; 5.029 ; 5.029 ; Rise       ; op[2]           ;
;  input_a[15] ; op[2]      ; 5.535 ; 5.535 ; Rise       ; op[2]           ;
; input_b[*]   ; op[2]      ; 7.733 ; 7.733 ; Rise       ; op[2]           ;
;  input_b[0]  ; op[2]      ; 7.538 ; 7.538 ; Rise       ; op[2]           ;
;  input_b[1]  ; op[2]      ; 7.733 ; 7.733 ; Rise       ; op[2]           ;
;  input_b[2]  ; op[2]      ; 6.691 ; 6.691 ; Rise       ; op[2]           ;
;  input_b[3]  ; op[2]      ; 7.117 ; 7.117 ; Rise       ; op[2]           ;
;  input_b[4]  ; op[2]      ; 7.627 ; 7.627 ; Rise       ; op[2]           ;
;  input_b[5]  ; op[2]      ; 6.691 ; 6.691 ; Rise       ; op[2]           ;
;  input_b[6]  ; op[2]      ; 7.133 ; 7.133 ; Rise       ; op[2]           ;
;  input_b[7]  ; op[2]      ; 6.542 ; 6.542 ; Rise       ; op[2]           ;
;  input_b[8]  ; op[2]      ; 6.786 ; 6.786 ; Rise       ; op[2]           ;
;  input_b[9]  ; op[2]      ; 6.566 ; 6.566 ; Rise       ; op[2]           ;
;  input_b[10] ; op[2]      ; 6.151 ; 6.151 ; Rise       ; op[2]           ;
;  input_b[11] ; op[2]      ; 6.183 ; 6.183 ; Rise       ; op[2]           ;
;  input_b[12] ; op[2]      ; 6.704 ; 6.704 ; Rise       ; op[2]           ;
;  input_b[13] ; op[2]      ; 6.747 ; 6.747 ; Rise       ; op[2]           ;
;  input_b[14] ; op[2]      ; 6.196 ; 6.196 ; Rise       ; op[2]           ;
;  input_b[15] ; op[2]      ; 6.255 ; 6.255 ; Rise       ; op[2]           ;
; op[*]        ; op[2]      ; 7.241 ; 7.241 ; Rise       ; op[2]           ;
;  op[0]       ; op[2]      ; 7.241 ; 7.241 ; Rise       ; op[2]           ;
;  op[1]       ; op[2]      ; 1.772 ; 1.772 ; Rise       ; op[2]           ;
+--------------+------------+-------+-------+------------+-----------------+


+----------------------------------------------------------------------------+
; Hold Times                                                                 ;
+--------------+------------+--------+--------+------------+-----------------+
; Data Port    ; Clock Port ; Rise   ; Fall   ; Clock Edge ; Clock Reference ;
+--------------+------------+--------+--------+------------+-----------------+
; input_a[*]   ; op[2]      ; -1.720 ; -1.720 ; Rise       ; op[2]           ;
;  input_a[0]  ; op[2]      ; -1.954 ; -1.954 ; Rise       ; op[2]           ;
;  input_a[1]  ; op[2]      ; -1.924 ; -1.924 ; Rise       ; op[2]           ;
;  input_a[2]  ; op[2]      ; -2.009 ; -2.009 ; Rise       ; op[2]           ;
;  input_a[3]  ; op[2]      ; -2.001 ; -2.001 ; Rise       ; op[2]           ;
;  input_a[4]  ; op[2]      ; -1.953 ; -1.953 ; Rise       ; op[2]           ;
;  input_a[5]  ; op[2]      ; -2.074 ; -2.074 ; Rise       ; op[2]           ;
;  input_a[6]  ; op[2]      ; -1.720 ; -1.720 ; Rise       ; op[2]           ;
;  input_a[7]  ; op[2]      ; -2.222 ; -2.222 ; Rise       ; op[2]           ;
;  input_a[8]  ; op[2]      ; -1.969 ; -1.969 ; Rise       ; op[2]           ;
;  input_a[9]  ; op[2]      ; -1.917 ; -1.917 ; Rise       ; op[2]           ;
;  input_a[10] ; op[2]      ; -2.410 ; -2.410 ; Rise       ; op[2]           ;
;  input_a[11] ; op[2]      ; -2.140 ; -2.140 ; Rise       ; op[2]           ;
;  input_a[12] ; op[2]      ; -1.750 ; -1.750 ; Rise       ; op[2]           ;
;  input_a[13] ; op[2]      ; -1.833 ; -1.833 ; Rise       ; op[2]           ;
;  input_a[14] ; op[2]      ; -1.884 ; -1.884 ; Rise       ; op[2]           ;
;  input_a[15] ; op[2]      ; -2.014 ; -2.014 ; Rise       ; op[2]           ;
; input_b[*]   ; op[2]      ; -1.778 ; -1.778 ; Rise       ; op[2]           ;
;  input_b[0]  ; op[2]      ; -2.028 ; -2.028 ; Rise       ; op[2]           ;
;  input_b[1]  ; op[2]      ; -2.188 ; -2.188 ; Rise       ; op[2]           ;
;  input_b[2]  ; op[2]      ; -1.882 ; -1.882 ; Rise       ; op[2]           ;
;  input_b[3]  ; op[2]      ; -1.896 ; -1.896 ; Rise       ; op[2]           ;
;  input_b[4]  ; op[2]      ; -2.340 ; -2.340 ; Rise       ; op[2]           ;
;  input_b[5]  ; op[2]      ; -1.781 ; -1.781 ; Rise       ; op[2]           ;
;  input_b[6]  ; op[2]      ; -2.055 ; -2.055 ; Rise       ; op[2]           ;
;  input_b[7]  ; op[2]      ; -2.008 ; -2.008 ; Rise       ; op[2]           ;
;  input_b[8]  ; op[2]      ; -2.107 ; -2.107 ; Rise       ; op[2]           ;
;  input_b[9]  ; op[2]      ; -1.899 ; -1.899 ; Rise       ; op[2]           ;
;  input_b[10] ; op[2]      ; -2.063 ; -2.063 ; Rise       ; op[2]           ;
;  input_b[11] ; op[2]      ; -2.199 ; -2.199 ; Rise       ; op[2]           ;
;  input_b[12] ; op[2]      ; -1.960 ; -1.960 ; Rise       ; op[2]           ;
;  input_b[13] ; op[2]      ; -2.145 ; -2.145 ; Rise       ; op[2]           ;
;  input_b[14] ; op[2]      ; -1.778 ; -1.778 ; Rise       ; op[2]           ;
;  input_b[15] ; op[2]      ; -2.314 ; -2.314 ; Rise       ; op[2]           ;
; op[*]        ; op[2]      ; 0.609  ; 0.609  ; Rise       ; op[2]           ;
;  op[0]       ; op[2]      ; -1.831 ; -1.831 ; Rise       ; op[2]           ;
;  op[1]       ; op[2]      ; 0.609  ; 0.609  ; Rise       ; op[2]           ;
+--------------+------------+--------+--------+------------+-----------------+


+-----------------------------------------------------------------------+
; Clock to Output Times                                                 ;
+-----------+------------+-------+-------+------------+-----------------+
; Data Port ; Clock Port ; Rise  ; Fall  ; Clock Edge ; Clock Reference ;
+-----------+------------+-------+-------+------------+-----------------+
; out[*]    ; op[2]      ; 8.078 ; 8.078 ; Rise       ; op[2]           ;
;  out[0]   ; op[2]      ; 7.813 ; 7.813 ; Rise       ; op[2]           ;
;  out[1]   ; op[2]      ; 7.832 ; 7.832 ; Rise       ; op[2]           ;
;  out[2]   ; op[2]      ; 7.569 ; 7.569 ; Rise       ; op[2]           ;
;  out[3]   ; op[2]      ; 7.617 ; 7.617 ; Rise       ; op[2]           ;
;  out[4]   ; op[2]      ; 8.046 ; 8.046 ; Rise       ; op[2]           ;
;  out[5]   ; op[2]      ; 7.634 ; 7.634 ; Rise       ; op[2]           ;
;  out[6]   ; op[2]      ; 7.365 ; 7.365 ; Rise       ; op[2]           ;
;  out[7]   ; op[2]      ; 7.893 ; 7.893 ; Rise       ; op[2]           ;
;  out[8]   ; op[2]      ; 7.652 ; 7.652 ; Rise       ; op[2]           ;
;  out[9]   ; op[2]      ; 8.078 ; 8.078 ; Rise       ; op[2]           ;
;  out[10]  ; op[2]      ; 8.004 ; 8.004 ; Rise       ; op[2]           ;
;  out[11]  ; op[2]      ; 7.837 ; 7.837 ; Rise       ; op[2]           ;
;  out[12]  ; op[2]      ; 7.798 ; 7.798 ; Rise       ; op[2]           ;
;  out[13]  ; op[2]      ; 7.830 ; 7.830 ; Rise       ; op[2]           ;
;  out[14]  ; op[2]      ; 7.873 ; 7.873 ; Rise       ; op[2]           ;
;  out[15]  ; op[2]      ; 7.362 ; 7.362 ; Rise       ; op[2]           ;
+-----------+------------+-------+-------+------------+-----------------+


+-----------------------------------------------------------------------+
; Minimum Clock to Output Times                                         ;
+-----------+------------+-------+-------+------------+-----------------+
; Data Port ; Clock Port ; Rise  ; Fall  ; Clock Edge ; Clock Reference ;
+-----------+------------+-------+-------+------------+-----------------+
; out[*]    ; op[2]      ; 3.986 ; 3.986 ; Rise       ; op[2]           ;
;  out[0]   ; op[2]      ; 4.194 ; 4.194 ; Rise       ; op[2]           ;
;  out[1]   ; op[2]      ; 4.219 ; 4.219 ; Rise       ; op[2]           ;
;  out[2]   ; op[2]      ; 4.094 ; 4.094 ; Rise       ; op[2]           ;
;  out[3]   ; op[2]      ; 4.123 ; 4.123 ; Rise       ; op[2]           ;
;  out[4]   ; op[2]      ; 4.302 ; 4.302 ; Rise       ; op[2]           ;
;  out[5]   ; op[2]      ; 4.125 ; 4.125 ; Rise       ; op[2]           ;
;  out[6]   ; op[2]      ; 3.991 ; 3.991 ; Rise       ; op[2]           ;
;  out[7]   ; op[2]      ; 4.260 ; 4.260 ; Rise       ; op[2]           ;
;  out[8]   ; op[2]      ; 4.140 ; 4.140 ; Rise       ; op[2]           ;
;  out[9]   ; op[2]      ; 4.320 ; 4.320 ; Rise       ; op[2]           ;
;  out[10]  ; op[2]      ; 4.310 ; 4.310 ; Rise       ; op[2]           ;
;  out[11]  ; op[2]      ; 4.216 ; 4.216 ; Rise       ; op[2]           ;
;  out[12]  ; op[2]      ; 4.183 ; 4.183 ; Rise       ; op[2]           ;
;  out[13]  ; op[2]      ; 4.218 ; 4.218 ; Rise       ; op[2]           ;
;  out[14]  ; op[2]      ; 4.247 ; 4.247 ; Rise       ; op[2]           ;
;  out[15]  ; op[2]      ; 3.986 ; 3.986 ; Rise       ; op[2]           ;
+-----------+------------+-------+-------+------------+-----------------+


-------------------
; Clock Transfers ;
-------------------
Nothing to report.


---------------
; Report TCCS ;
---------------
No dedicated SERDES Transmitter circuitry present in device or used in design


---------------
; Report RSKM ;
---------------
No dedicated SERDES Receiver circuitry present in device or used in design


+------------------------------------------------+
; Unconstrained Paths                            ;
+---------------------------------+-------+------+
; Property                        ; Setup ; Hold ;
+---------------------------------+-------+------+
; Illegal Clocks                  ; 0     ; 0    ;
; Unconstrained Clocks            ; 0     ; 0    ;
; Unconstrained Input Ports       ; 34    ; 34   ;
; Unconstrained Input Port Paths  ; 304   ; 304  ;
; Unconstrained Output Ports      ; 16    ; 16   ;
; Unconstrained Output Port Paths ; 16    ; 16   ;
+---------------------------------+-------+------+


+------------------------------------+
; TimeQuest Timing Analyzer Messages ;
+------------------------------------+
Info: *******************************************************************
Info: Running Quartus II 32-bit TimeQuest Timing Analyzer
    Info: Version 12.1 Build 177 11/07/2012 SJ Web Edition
    Info: Processing started: Mon Feb 04 12:57:11 2013
Info: Command: quartus_sta 141L -c 141L
Info: qsta_default_script.tcl version: #1
Info (20029): Only one processor detected - disabling parallel compilation
Info (21077): Low junction temperature is 0 degrees C
Info (21077): High junction temperature is 85 degrees C
Warning (335093): TimeQuest Timing Analyzer is analyzing 16 combinational loops as latches.
Critical Warning (332012): Synopsys Design Constraints File file not found: '141L.sdc'. A Synopsys Design Constraints File is required by the TimeQuest Timing Analyzer to get proper timing constraints. Without it, the Compiler will not properly optimize the design.
Info (332142): No user constrained base clocks found in the design. Calling "derive_clocks -period 1.0"
Info (332105): Deriving Clocks
    Info (332105): create_clock -period 1.000 -name op[2] op[2]
Info: Found TIMEQUEST_REPORT_SCRIPT_INCLUDE_DEFAULT_ANALYSIS = ON
Info: Analyzing Slow Model
Info (332140): No fmax paths to report
Info (332140): No Setup paths to report
Info (332140): No Hold paths to report
Info (332140): No Recovery paths to report
Info (332140): No Removal paths to report
Critical Warning (332148): Timing requirements not met
Info (332146): Worst-case minimum pulse width slack is -1.222
    Info (332119):     Slack End Point TNS Clock 
    Info (332119): ========= ============= =====================
    Info (332119):    -1.222        -1.222 op[2] 
Info (332001): The selected device family is not supported by the report_metastability command.
Info: Analyzing Fast Model
Info (332140): No Setup paths to report
Info (332140): No Hold paths to report
Info (332140): No Recovery paths to report
Info (332140): No Removal paths to report
Critical Warning (332148): Timing requirements not met
Info (332146): Worst-case minimum pulse width slack is -1.222
    Info (332119):     Slack End Point TNS Clock 
    Info (332119): ========= ============= =====================
    Info (332119):    -1.222        -1.222 op[2] 
Info (332001): The selected device family is not supported by the report_metastability command.
Info (332102): Design is not fully constrained for setup requirements
Info (332102): Design is not fully constrained for hold requirements
Info: Quartus II 32-bit TimeQuest Timing Analyzer was successful. 0 errors, 4 warnings
    Info: Peak virtual memory: 333 megabytes
    Info: Processing ended: Mon Feb 04 12:57:12 2013
    Info: Elapsed time: 00:00:01
    Info: Total CPU time (on all processors): 00:00:01


